<?xml version="1.0" encoding="UTF-8"?>
<testsuite xmlns:xsi="http://www.w3.org/2001/XMLSchema-instance" xsi:noNamespaceSchemaLocation="https://maven.apache.org/surefire/maven-surefire-plugin/xsd/surefire-test-report-3.0.xsd" version="3.0" name="com.mycompany.testmex.RubricaTest" time="0.564" tests="2" errors="0" skipped="0" failures="2">
  <properties>
    <property name="sun.desktop" value="gnome"/>
    <property name="awt.toolkit" value="sun.awt.X11.XToolkit"/>
    <property name="java.specification.version" value="11"/>
    <property name="sun.cpu.isalist" value=""/>
    <property name="sun.jnu.encoding" value="UTF-8"/>
    <property name="java.class.path" value="/home/marman/NetBeansProjects/testMex/target/test-classes:/home/marman/NetBeansProjects/testMex/target/classes:/home/marman/.m2/repository/mysql/mysql-connector-java/8.0.29/mysql-connector-java-8.0.29.jar:/home/marman/.m2/repository/com/google/protobuf/protobuf-java/3.19.4/protobuf-java-3.19.4.jar:/home/marman/.m2/repository/org/apache/maven/plugins/maven-site-plugin/4.0.0-M2/maven-site-plugin-4.0.0-M2.jar:/home/marman/.m2/repository/org/apache/maven/reporting/maven-reporting-api/4.0.0-M1/maven-reporting-api-4.0.0-M1.jar:/home/marman/.m2/repository/org/apache/maven/reporting/maven-reporting-exec/2.0.0-M1/maven-reporting-exec-2.0.0-M1.jar:/home/marman/.m2/repository/org/apache/maven/maven-artifact/3.2.5/maven-artifact-3.2.5.jar:/home/marman/.m2/repository/org/apache/maven/maven-core/3.2.5/maven-core-3.2.5.jar:/home/marman/.m2/repository/org/apache/maven/maven-repository-metadata/3.2.5/maven-repository-metadata-3.2.5.jar:/home/marman/.m2/repository/org/apache/maven/maven-model-builder/3.2.5/maven-model-builder-3.2.5.jar:/home/marman/.m2/repository/org/apache/maven/maven-aether-provider/3.2.5/maven-aether-provider-3.2.5.jar:/home/marman/.m2/repository/org/eclipse/aether/aether-spi/1.0.0.v20140518/aether-spi-1.0.0.v20140518.jar:/home/marman/.m2/repository/org/eclipse/aether/aether-impl/1.0.0.v20140518/aether-impl-1.0.0.v20140518.jar:/home/marman/.m2/repository/org/eclipse/aether/aether-api/1.0.0.v20140518/aether-api-1.0.0.v20140518.jar:/home/marman/.m2/repository/org/sonatype/sisu/sisu-guice/3.2.3/sisu-guice-3.2.3-no_aop.jar:/home/marman/.m2/repository/aopalliance/aopalliance/1.0/aopalliance-1.0.jar:/home/marman/.m2/repository/com/google/guava/guava/16.0.1/guava-16.0.1.jar:/home/marman/.m2/repository/org/codehaus/plexus/plexus-component-annotations/1.5.5/plexus-component-annotations-1.5.5.jar:/home/marman/.m2/repository/org/sonatype/plexus/plexus-sec-dispatcher/1.3/plexus-sec-dispatcher-1.3.jar:/home/marman/.m2/repository/org/sonatype/plexus/plexus-cipher/1.4/plexus-cipher-1.4.jar:/home/marman/.m2/repository/org/apache/maven/maven-model/3.2.5/maven-model-3.2.5.jar:/home/marman/.m2/repository/org/apache/maven/maven-plugin-api/3.2.5/maven-plugin-api-3.2.5.jar:/home/marman/.m2/repository/org/apache/maven/maven-settings/3.2.5/maven-settings-3.2.5.jar:/home/marman/.m2/repository/org/apache/maven/maven-settings-builder/3.2.5/maven-settings-builder-3.2.5.jar:/home/marman/.m2/repository/org/slf4j/slf4j-api/1.7.36/slf4j-api-1.7.36.jar:/home/marman/.m2/repository/org/eclipse/aether/aether-util/1.0.0.v20140518/aether-util-1.0.0.v20140518.jar:/home/marman/.m2/repository/org/codehaus/plexus/plexus-classworlds/2.5.2/plexus-classworlds-2.5.2.jar:/home/marman/.m2/repository/org/apache/maven/shared/maven-shared-utils/3.3.4/maven-shared-utils-3.3.4.jar:/home/marman/.m2/repository/commons-io/commons-io/2.6/commons-io-2.6.jar:/home/marman/.m2/repository/org/apache/maven/maven-archiver/3.5.2/maven-archiver-3.5.2.jar:/home/marman/.m2/repository/org/apache/commons/commons-compress/1.20/commons-compress-1.20.jar:/home/marman/.m2/repository/org/codehaus/plexus/plexus-interpolation/1.26/plexus-interpolation-1.26.jar:/home/marman/.m2/repository/org/codehaus/plexus/plexus-archiver/4.2.7/plexus-archiver-4.2.7.jar:/home/marman/.m2/repository/org/codehaus/plexus/plexus-io/3.2.0/plexus-io-3.2.0.jar:/home/marman/.m2/repository/org/iq80/snappy/snappy/0.4/snappy-0.4.jar:/home/marman/.m2/repository/org/tukaani/xz/1.9/xz-1.9.jar:/home/marman/.m2/repository/org/codehaus/plexus/plexus-i18n/1.0-beta-10/plexus-i18n-1.0-beta-10.jar:/home/marman/.m2/repository/org/codehaus/plexus/plexus-utils/3.4.2/plexus-utils-3.4.2.jar:/home/marman/.m2/repository/org/apache/maven/doxia/doxia-sink-api/2.0.0-M3/doxia-sink-api-2.0.0-M3.jar:/home/marman/.m2/repository/org/apache/maven/doxia/doxia-core/2.0.0-M3/doxia-core-2.0.0-M3.jar:/home/marman/.m2/repository/javax/inject/javax.inject/1/javax.inject-1.jar:/home/marman/.m2/repository/org/eclipse/sisu/org.eclipse.sisu.plexus/0.3.5/org.eclipse.sisu.plexus-0.3.5.jar:/home/marman/.m2/repository/javax/annotation/javax.annotation-api/1.2/javax.annotation-api-1.2.jar:/home/marman/.m2/repository/javax/enterprise/cdi-api/1.2/cdi-api-1.2.jar:/home/marman/.m2/repository/org/eclipse/sisu/org.eclipse.sisu.inject/0.3.5/org.eclipse.sisu.inject-0.3.5.jar:/home/marman/.m2/repository/org/apache/commons/commons-text/1.9/commons-text-1.9.jar:/home/marman/.m2/repository/org/apache/maven/doxia/doxia-module-xhtml/2.0.0-M3/doxia-module-xhtml-2.0.0-M3.jar:/home/marman/.m2/repository/org/apache/maven/doxia/doxia-module-xhtml5/2.0.0-M3/doxia-module-xhtml5-2.0.0-M3.jar:/home/marman/.m2/repository/org/apache/maven/doxia/doxia-module-apt/2.0.0-M3/doxia-module-apt-2.0.0-M3.jar:/home/marman/.m2/repository/org/apache/maven/doxia/doxia-module-xdoc/2.0.0-M3/doxia-module-xdoc-2.0.0-M3.jar:/home/marman/.m2/repository/org/apache/maven/doxia/doxia-module-fml/2.0.0-M3/doxia-module-fml-2.0.0-M3.jar:/home/marman/.m2/repository/org/apache/maven/doxia/doxia-module-markdown/2.0.0-M3/doxia-module-markdown-2.0.0-M3.jar:/home/marman/.m2/repository/com/vladsch/flexmark/flexmark-all/0.50.50/flexmark-all-0.50.50.jar:/home/marman/.m2/repository/com/vladsch/flexmark/flexmark/0.50.50/flexmark-0.50.50.jar:/home/marman/.m2/repository/com/vladsch/flexmark/flexmark-ext-abbreviation/0.50.50/flexmark-ext-abbreviation-0.50.50.jar:/home/marman/.m2/repository/com/vladsch/flexmark/flexmark-ext-admonition/0.50.50/flexmark-ext-admonition-0.50.50.jar:/home/marman/.m2/repository/com/vladsch/flexmark/flexmark-ext-anchorlink/0.50.50/flexmark-ext-anchorlink-0.50.50.jar:/home/marman/.m2/repository/com/vladsch/flexmark/flexmark-ext-aside/0.50.50/flexmark-ext-aside-0.50.50.jar:/home/marman/.m2/repository/com/vladsch/flexmark/flexmark-ext-attributes/0.50.50/flexmark-ext-attributes-0.50.50.jar:/home/marman/.m2/repository/com/vladsch/flexmark/flexmark-ext-autolink/0.50.50/flexmark-ext-autolink-0.50.50.jar:/home/marman/.m2/repository/org/nibor/autolink/autolink/0.6.0/autolink-0.6.0.jar:/home/marman/.m2/repository/com/vladsch/flexmark/flexmark-ext-definition/0.50.50/flexmark-ext-definition-0.50.50.jar:/home/marman/.m2/repository/com/vladsch/flexmark/flexmark-ext-emoji/0.50.50/flexmark-ext-emoji-0.50.50.jar:/home/marman/.m2/repository/com/vladsch/flexmark/flexmark-ext-enumerated-reference/0.50.50/flexmark-ext-enumerated-reference-0.50.50.jar:/home/marman/.m2/repository/com/vladsch/flexmark/flexmark-ext-escaped-character/0.50.50/flexmark-ext-escaped-character-0.50.50.jar:/home/marman/.m2/repository/com/vladsch/flexmark/flexmark-ext-footnotes/0.50.50/flexmark-ext-footnotes-0.50.50.jar:/home/marman/.m2/repository/com/vladsch/flexmark/flexmark-ext-gfm-issues/0.50.50/flexmark-ext-gfm-issues-0.50.50.jar:/home/marman/.m2/repository/com/vladsch/flexmark/flexmark-ext-gfm-strikethrough/0.50.50/flexmark-ext-gfm-strikethrough-0.50.50.jar:/home/marman/.m2/repository/com/vladsch/flexmark/flexmark-ext-gfm-tables/0.50.50/flexmark-ext-gfm-tables-0.50.50.jar:/home/marman/.m2/repository/com/vladsch/flexmark/flexmark-ext-gfm-tasklist/0.50.50/flexmark-ext-gfm-tasklist-0.50.50.jar:/home/marman/.m2/repository/com/vladsch/flexmark/flexmark-ext-gfm-users/0.50.50/flexmark-ext-gfm-users-0.50.50.jar:/home/marman/.m2/repository/com/vladsch/flexmark/flexmark-ext-gitlab/0.50.50/flexmark-ext-gitlab-0.50.50.jar:/home/marman/.m2/repository/com/vladsch/flexmark/flexmark-ext-jekyll-front-matter/0.50.50/flexmark-ext-jekyll-front-matter-0.50.50.jar:/home/marman/.m2/repository/com/vladsch/flexmark/flexmark-ext-jekyll-tag/0.50.50/flexmark-ext-jekyll-tag-0.50.50.jar:/home/marman/.m2/repository/com/vladsch/flexmark/flexmark-ext-media-tags/0.50.50/flexmark-ext-media-tags-0.50.50.jar:/home/marman/.m2/repository/com/vladsch/flexmark/flexmark-ext-macros/0.50.50/flexmark-ext-macros-0.50.50.jar:/home/marman/.m2/repository/com/vladsch/flexmark/flexmark-ext-ins/0.50.50/flexmark-ext-ins-0.50.50.jar:/home/marman/.m2/repository/com/vladsch/flexmark/flexmark-ext-xwiki-macros/0.50.50/flexmark-ext-xwiki-macros-0.50.50.jar:/home/marman/.m2/repository/com/vladsch/flexmark/flexmark-ext-superscript/0.50.50/flexmark-ext-superscript-0.50.50.jar:/home/marman/.m2/repository/com/vladsch/flexmark/flexmark-ext-tables/0.50.50/flexmark-ext-tables-0.50.50.jar:/home/marman/.m2/repository/com/vladsch/flexmark/flexmark-ext-toc/0.50.50/flexmark-ext-toc-0.50.50.jar:/home/marman/.m2/repository/com/vladsch/flexmark/flexmark-ext-typographic/0.50.50/flexmark-ext-typographic-0.50.50.jar:/home/marman/.m2/repository/com/vladsch/flexmark/flexmark-ext-wikilink/0.50.50/flexmark-ext-wikilink-0.50.50.jar:/home/marman/.m2/repository/com/vladsch/flexmark/flexmark-ext-yaml-front-matter/0.50.50/flexmark-ext-yaml-front-matter-0.50.50.jar:/home/marman/.m2/repository/com/vladsch/flexmark/flexmark-ext-youtube-embedded/0.50.50/flexmark-ext-youtube-embedded-0.50.50.jar:/home/marman/.m2/repository/com/vladsch/flexmark/flexmark-formatter/0.50.50/flexmark-formatter-0.50.50.jar:/home/marman/.m2/repository/com/vladsch/flexmark/flexmark-html-parser/0.50.50/flexmark-html-parser-0.50.50.jar:/home/marman/.m2/repository/org/jsoup/jsoup/1.11.3/jsoup-1.11.3.jar:/home/marman/.m2/repository/com/vladsch/flexmark/flexmark-html2md-converter/0.50.50/flexmark-html2md-converter-0.50.50.jar:/home/marman/.m2/repository/com/vladsch/flexmark/flexmark-jira-converter/0.50.50/flexmark-jira-converter-0.50.50.jar:/home/marman/.m2/repository/com/vladsch/flexmark/flexmark-profile-pegdown/0.50.50/flexmark-profile-pegdown-0.50.50.jar:/home/marman/.m2/repository/com/vladsch/flexmark/flexmark-util/0.50.50/flexmark-util-0.50.50.jar:/home/marman/.m2/repository/com/vladsch/flexmark/flexmark-youtrack-converter/0.50.50/flexmark-youtrack-converter-0.50.50.jar:/home/marman/.m2/repository/org/apache/maven/doxia/doxia-decoration-model/2.0.0-M3/doxia-decoration-model-2.0.0-M3.jar:/home/marman/.m2/repository/org/apache/maven/doxia/doxia-site-renderer/2.0.0-M3/doxia-site-renderer-2.0.0-M3.jar:/home/marman/.m2/repository/org/apache/maven/doxia/doxia-skin-model/2.0.0-M3/doxia-skin-model-2.0.0-M3.jar:/home/marman/.m2/repository/org/codehaus/plexus/plexus-velocity/2.0/plexus-velocity-2.0.jar:/home/marman/.m2/repository/org/apache/velocity/velocity-engine-core/2.3/velocity-engine-core-2.3.jar:/home/marman/.m2/repository/org/apache/velocity/tools/velocity-tools-generic/3.1/velocity-tools-generic-3.1.jar:/home/marman/.m2/repository/commons-beanutils/commons-beanutils/1.9.4/commons-beanutils-1.9.4.jar:/home/marman/.m2/repository/commons-logging/commons-logging/1.2/commons-logging-1.2.jar:/home/marman/.m2/repository/commons-collections/commons-collections/3.2.2/commons-collections-3.2.2.jar:/home/marman/.m2/repository/org/apache/commons/commons-digester3/3.2/commons-digester3-3.2.jar:/home/marman/.m2/repository/com/github/cliftonlabs/json-simple/3.0.2/json-simple-3.0.2.jar:/home/marman/.m2/repository/org/apache/commons/commons-lang3/3.12.0/commons-lang3-3.12.0.jar:/home/marman/.m2/repository/org/apache/maven/doxia/doxia-integration-tools/2.0.0-M3/doxia-integration-tools-2.0.0-M3.jar:/home/marman/.m2/repository/org/eclipse/jetty/jetty-server/9.4.46.v20220331/jetty-server-9.4.46.v20220331.jar:/home/marman/.m2/repository/javax/servlet/javax.servlet-api/3.1.0/javax.servlet-api-3.1.0.jar:/home/marman/.m2/repository/org/eclipse/jetty/jetty-http/9.4.46.v20220331/jetty-http-9.4.46.v20220331.jar:/home/marman/.m2/repository/org/eclipse/jetty/jetty-io/9.4.46.v20220331/jetty-io-9.4.46.v20220331.jar:/home/marman/.m2/repository/org/eclipse/jetty/jetty-servlet/9.4.46.v20220331/jetty-servlet-9.4.46.v20220331.jar:/home/marman/.m2/repository/org/eclipse/jetty/jetty-security/9.4.46.v20220331/jetty-security-9.4.46.v20220331.jar:/home/marman/.m2/repository/org/eclipse/jetty/jetty-util-ajax/9.4.46.v20220331/jetty-util-ajax-9.4.46.v20220331.jar:/home/marman/.m2/repository/org/eclipse/jetty/jetty-webapp/9.4.46.v20220331/jetty-webapp-9.4.46.v20220331.jar:/home/marman/.m2/repository/org/eclipse/jetty/jetty-xml/9.4.46.v20220331/jetty-xml-9.4.46.v20220331.jar:/home/marman/.m2/repository/org/eclipse/jetty/jetty-util/9.4.46.v20220331/jetty-util-9.4.46.v20220331.jar:/home/marman/.m2/repository/org/junit/jupiter/junit-jupiter/5.8.2/junit-jupiter-5.8.2.jar:/home/marman/.m2/repository/org/junit/jupiter/junit-jupiter-api/5.8.2/junit-jupiter-api-5.8.2.jar:/home/marman/.m2/repository/org/opentest4j/opentest4j/1.2.0/opentest4j-1.2.0.jar:/home/marman/.m2/repository/org/junit/platform/junit-platform-commons/1.8.2/junit-platform-commons-1.8.2.jar:/home/marman/.m2/repository/org/apiguardian/apiguardian-api/1.1.2/apiguardian-api-1.1.2.jar:/home/marman/.m2/repository/org/junit/jupiter/junit-jupiter-params/5.8.2/junit-jupiter-params-5.8.2.jar:/home/marman/.m2/repository/org/junit/jupiter/junit-jupiter-engine/5.8.2/junit-jupiter-engine-5.8.2.jar:/home/marman/.m2/repository/org/junit/platform/junit-platform-engine/1.8.2/junit-platform-engine-1.8.2.jar:"/>
    <property name="sun.awt.enableExtraMouseButtons" value="true"/>
    <property name="java.vm.vendor" value="Private Build"/>
    <property name="sun.arch.data.model" value="64"/>
    <property name="sun.font.fontmanager" value="sun.awt.X11FontManager"/>
    <property name="java.vendor.url" value="Unknown"/>
    <property name="user.timezone" value="Europe/Rome"/>
    <property name="java.vm.specification.version" value="11"/>
    <property name="os.name" value="Linux"/>
    <property name="sun.java.launcher" value="SUN_STANDARD"/>
    <property name="user.country" value="IT"/>
    <property name="sun.boot.library.path" value="/usr/lib/jvm/java-11-openjdk-amd64/lib"/>
    <property name="sun.java.command" value="/home/marman/NetBeansProjects/testMex/target/surefire/surefirebooter2454603053380622393.jar /home/marman/NetBeansProjects/testMex/target/surefire 2022-07-15T09-59-46_430-jvmRun1 surefire16001356317123572130tmp surefire_018109100990804968440tmp"/>
    <property name="jdk.debug" value="release"/>
    <property name="surefire.test.class.path" value="/home/marman/NetBeansProjects/testMex/target/test-classes:/home/marman/NetBeansProjects/testMex/target/classes:/home/marman/.m2/repository/mysql/mysql-connector-java/8.0.29/mysql-connector-java-8.0.29.jar:/home/marman/.m2/repository/com/google/protobuf/protobuf-java/3.19.4/protobuf-java-3.19.4.jar:/home/marman/.m2/repository/org/apache/maven/plugins/maven-site-plugin/4.0.0-M2/maven-site-plugin-4.0.0-M2.jar:/home/marman/.m2/repository/org/apache/maven/reporting/maven-reporting-api/4.0.0-M1/maven-reporting-api-4.0.0-M1.jar:/home/marman/.m2/repository/org/apache/maven/reporting/maven-reporting-exec/2.0.0-M1/maven-reporting-exec-2.0.0-M1.jar:/home/marman/.m2/repository/org/apache/maven/maven-artifact/3.2.5/maven-artifact-3.2.5.jar:/home/marman/.m2/repository/org/apache/maven/maven-core/3.2.5/maven-core-3.2.5.jar:/home/marman/.m2/repository/org/apache/maven/maven-repository-metadata/3.2.5/maven-repository-metadata-3.2.5.jar:/home/marman/.m2/repository/org/apache/maven/maven-model-builder/3.2.5/maven-model-builder-3.2.5.jar:/home/marman/.m2/repository/org/apache/maven/maven-aether-provider/3.2.5/maven-aether-provider-3.2.5.jar:/home/marman/.m2/repository/org/eclipse/aether/aether-spi/1.0.0.v20140518/aether-spi-1.0.0.v20140518.jar:/home/marman/.m2/repository/org/eclipse/aether/aether-impl/1.0.0.v20140518/aether-impl-1.0.0.v20140518.jar:/home/marman/.m2/repository/org/eclipse/aether/aether-api/1.0.0.v20140518/aether-api-1.0.0.v20140518.jar:/home/marman/.m2/repository/org/sonatype/sisu/sisu-guice/3.2.3/sisu-guice-3.2.3-no_aop.jar:/home/marman/.m2/repository/aopalliance/aopalliance/1.0/aopalliance-1.0.jar:/home/marman/.m2/repository/com/google/guava/guava/16.0.1/guava-16.0.1.jar:/home/marman/.m2/repository/org/codehaus/plexus/plexus-component-annotations/1.5.5/plexus-component-annotations-1.5.5.jar:/home/marman/.m2/repository/org/sonatype/plexus/plexus-sec-dispatcher/1.3/plexus-sec-dispatcher-1.3.jar:/home/marman/.m2/repository/org/sonatype/plexus/plexus-cipher/1.4/plexus-cipher-1.4.jar:/home/marman/.m2/repository/org/apache/maven/maven-model/3.2.5/maven-model-3.2.5.jar:/home/marman/.m2/repository/org/apache/maven/maven-plugin-api/3.2.5/maven-plugin-api-3.2.5.jar:/home/marman/.m2/repository/org/apache/maven/maven-settings/3.2.5/maven-settings-3.2.5.jar:/home/marman/.m2/repository/org/apache/maven/maven-settings-builder/3.2.5/maven-settings-builder-3.2.5.jar:/home/marman/.m2/repository/org/slf4j/slf4j-api/1.7.36/slf4j-api-1.7.36.jar:/home/marman/.m2/repository/org/eclipse/aether/aether-util/1.0.0.v20140518/aether-util-1.0.0.v20140518.jar:/home/marman/.m2/repository/org/codehaus/plexus/plexus-classworlds/2.5.2/plexus-classworlds-2.5.2.jar:/home/marman/.m2/repository/org/apache/maven/shared/maven-shared-utils/3.3.4/maven-shared-utils-3.3.4.jar:/home/marman/.m2/repository/commons-io/commons-io/2.6/commons-io-2.6.jar:/home/marman/.m2/repository/org/apache/maven/maven-archiver/3.5.2/maven-archiver-3.5.2.jar:/home/marman/.m2/repository/org/apache/commons/commons-compress/1.20/commons-compress-1.20.jar:/home/marman/.m2/repository/org/codehaus/plexus/plexus-interpolation/1.26/plexus-interpolation-1.26.jar:/home/marman/.m2/repository/org/codehaus/plexus/plexus-archiver/4.2.7/plexus-archiver-4.2.7.jar:/home/marman/.m2/repository/org/codehaus/plexus/plexus-io/3.2.0/plexus-io-3.2.0.jar:/home/marman/.m2/repository/org/iq80/snappy/snappy/0.4/snappy-0.4.jar:/home/marman/.m2/repository/org/tukaani/xz/1.9/xz-1.9.jar:/home/marman/.m2/repository/org/codehaus/plexus/plexus-i18n/1.0-beta-10/plexus-i18n-1.0-beta-10.jar:/home/marman/.m2/repository/org/codehaus/plexus/plexus-utils/3.4.2/plexus-utils-3.4.2.jar:/home/marman/.m2/repository/org/apache/maven/doxia/doxia-sink-api/2.0.0-M3/doxia-sink-api-2.0.0-M3.jar:/home/marman/.m2/repository/org/apache/maven/doxia/doxia-core/2.0.0-M3/doxia-core-2.0.0-M3.jar:/home/marman/.m2/repository/javax/inject/javax.inject/1/javax.inject-1.jar:/home/marman/.m2/repository/org/eclipse/sisu/org.eclipse.sisu.plexus/0.3.5/org.eclipse.sisu.plexus-0.3.5.jar:/home/marman/.m2/repository/javax/annotation/javax.annotation-api/1.2/javax.annotation-api-1.2.jar:/home/marman/.m2/repository/javax/enterprise/cdi-api/1.2/cdi-api-1.2.jar:/home/marman/.m2/repository/org/eclipse/sisu/org.eclipse.sisu.inject/0.3.5/org.eclipse.sisu.inject-0.3.5.jar:/home/marman/.m2/repository/org/apache/commons/commons-text/1.9/commons-text-1.9.jar:/home/marman/.m2/repository/org/apache/maven/doxia/doxia-module-xhtml/2.0.0-M3/doxia-module-xhtml-2.0.0-M3.jar:/home/marman/.m2/repository/org/apache/maven/doxia/doxia-module-xhtml5/2.0.0-M3/doxia-module-xhtml5-2.0.0-M3.jar:/home/marman/.m2/repository/org/apache/maven/doxia/doxia-module-apt/2.0.0-M3/doxia-module-apt-2.0.0-M3.jar:/home/marman/.m2/repository/org/apache/maven/doxia/doxia-module-xdoc/2.0.0-M3/doxia-module-xdoc-2.0.0-M3.jar:/home/marman/.m2/repository/org/apache/maven/doxia/doxia-module-fml/2.0.0-M3/doxia-module-fml-2.0.0-M3.jar:/home/marman/.m2/repository/org/apache/maven/doxia/doxia-module-markdown/2.0.0-M3/doxia-module-markdown-2.0.0-M3.jar:/home/marman/.m2/repository/com/vladsch/flexmark/flexmark-all/0.50.50/flexmark-all-0.50.50.jar:/home/marman/.m2/repository/com/vladsch/flexmark/flexmark/0.50.50/flexmark-0.50.50.jar:/home/marman/.m2/repository/com/vladsch/flexmark/flexmark-ext-abbreviation/0.50.50/flexmark-ext-abbreviation-0.50.50.jar:/home/marman/.m2/repository/com/vladsch/flexmark/flexmark-ext-admonition/0.50.50/flexmark-ext-admonition-0.50.50.jar:/home/marman/.m2/repository/com/vladsch/flexmark/flexmark-ext-anchorlink/0.50.50/flexmark-ext-anchorlink-0.50.50.jar:/home/marman/.m2/repository/com/vladsch/flexmark/flexmark-ext-aside/0.50.50/flexmark-ext-aside-0.50.50.jar:/home/marman/.m2/repository/com/vladsch/flexmark/flexmark-ext-attributes/0.50.50/flexmark-ext-attributes-0.50.50.jar:/home/marman/.m2/repository/com/vladsch/flexmark/flexmark-ext-autolink/0.50.50/flexmark-ext-autolink-0.50.50.jar:/home/marman/.m2/repository/org/nibor/autolink/autolink/0.6.0/autolink-0.6.0.jar:/home/marman/.m2/repository/com/vladsch/flexmark/flexmark-ext-definition/0.50.50/flexmark-ext-definition-0.50.50.jar:/home/marman/.m2/repository/com/vladsch/flexmark/flexmark-ext-emoji/0.50.50/flexmark-ext-emoji-0.50.50.jar:/home/marman/.m2/repository/com/vladsch/flexmark/flexmark-ext-enumerated-reference/0.50.50/flexmark-ext-enumerated-reference-0.50.50.jar:/home/marman/.m2/repository/com/vladsch/flexmark/flexmark-ext-escaped-character/0.50.50/flexmark-ext-escaped-character-0.50.50.jar:/home/marman/.m2/repository/com/vladsch/flexmark/flexmark-ext-footnotes/0.50.50/flexmark-ext-footnotes-0.50.50.jar:/home/marman/.m2/repository/com/vladsch/flexmark/flexmark-ext-gfm-issues/0.50.50/flexmark-ext-gfm-issues-0.50.50.jar:/home/marman/.m2/repository/com/vladsch/flexmark/flexmark-ext-gfm-strikethrough/0.50.50/flexmark-ext-gfm-strikethrough-0.50.50.jar:/home/marman/.m2/repository/com/vladsch/flexmark/flexmark-ext-gfm-tables/0.50.50/flexmark-ext-gfm-tables-0.50.50.jar:/home/marman/.m2/repository/com/vladsch/flexmark/flexmark-ext-gfm-tasklist/0.50.50/flexmark-ext-gfm-tasklist-0.50.50.jar:/home/marman/.m2/repository/com/vladsch/flexmark/flexmark-ext-gfm-users/0.50.50/flexmark-ext-gfm-users-0.50.50.jar:/home/marman/.m2/repository/com/vladsch/flexmark/flexmark-ext-gitlab/0.50.50/flexmark-ext-gitlab-0.50.50.jar:/home/marman/.m2/repository/com/vladsch/flexmark/flexmark-ext-jekyll-front-matter/0.50.50/flexmark-ext-jekyll-front-matter-0.50.50.jar:/home/marman/.m2/repository/com/vladsch/flexmark/flexmark-ext-jekyll-tag/0.50.50/flexmark-ext-jekyll-tag-0.50.50.jar:/home/marman/.m2/repository/com/vladsch/flexmark/flexmark-ext-media-tags/0.50.50/flexmark-ext-media-tags-0.50.50.jar:/home/marman/.m2/repository/com/vladsch/flexmark/flexmark-ext-macros/0.50.50/flexmark-ext-macros-0.50.50.jar:/home/marman/.m2/repository/com/vladsch/flexmark/flexmark-ext-ins/0.50.50/flexmark-ext-ins-0.50.50.jar:/home/marman/.m2/repository/com/vladsch/flexmark/flexmark-ext-xwiki-macros/0.50.50/flexmark-ext-xwiki-macros-0.50.50.jar:/home/marman/.m2/repository/com/vladsch/flexmark/flexmark-ext-superscript/0.50.50/flexmark-ext-superscript-0.50.50.jar:/home/marman/.m2/repository/com/vladsch/flexmark/flexmark-ext-tables/0.50.50/flexmark-ext-tables-0.50.50.jar:/home/marman/.m2/repository/com/vladsch/flexmark/flexmark-ext-toc/0.50.50/flexmark-ext-toc-0.50.50.jar:/home/marman/.m2/repository/com/vladsch/flexmark/flexmark-ext-typographic/0.50.50/flexmark-ext-typographic-0.50.50.jar:/home/marman/.m2/repository/com/vladsch/flexmark/flexmark-ext-wikilink/0.50.50/flexmark-ext-wikilink-0.50.50.jar:/home/marman/.m2/repository/com/vladsch/flexmark/flexmark-ext-yaml-front-matter/0.50.50/flexmark-ext-yaml-front-matter-0.50.50.jar:/home/marman/.m2/repository/com/vladsch/flexmark/flexmark-ext-youtube-embedded/0.50.50/flexmark-ext-youtube-embedded-0.50.50.jar:/home/marman/.m2/repository/com/vladsch/flexmark/flexmark-formatter/0.50.50/flexmark-formatter-0.50.50.jar:/home/marman/.m2/repository/com/vladsch/flexmark/flexmark-html-parser/0.50.50/flexmark-html-parser-0.50.50.jar:/home/marman/.m2/repository/org/jsoup/jsoup/1.11.3/jsoup-1.11.3.jar:/home/marman/.m2/repository/com/vladsch/flexmark/flexmark-html2md-converter/0.50.50/flexmark-html2md-converter-0.50.50.jar:/home/marman/.m2/repository/com/vladsch/flexmark/flexmark-jira-converter/0.50.50/flexmark-jira-converter-0.50.50.jar:/home/marman/.m2/repository/com/vladsch/flexmark/flexmark-profile-pegdown/0.50.50/flexmark-profile-pegdown-0.50.50.jar:/home/marman/.m2/repository/com/vladsch/flexmark/flexmark-util/0.50.50/flexmark-util-0.50.50.jar:/home/marman/.m2/repository/com/vladsch/flexmark/flexmark-youtrack-converter/0.50.50/flexmark-youtrack-converter-0.50.50.jar:/home/marman/.m2/repository/org/apache/maven/doxia/doxia-decoration-model/2.0.0-M3/doxia-decoration-model-2.0.0-M3.jar:/home/marman/.m2/repository/org/apache/maven/doxia/doxia-site-renderer/2.0.0-M3/doxia-site-renderer-2.0.0-M3.jar:/home/marman/.m2/repository/org/apache/maven/doxia/doxia-skin-model/2.0.0-M3/doxia-skin-model-2.0.0-M3.jar:/home/marman/.m2/repository/org/codehaus/plexus/plexus-velocity/2.0/plexus-velocity-2.0.jar:/home/marman/.m2/repository/org/apache/velocity/velocity-engine-core/2.3/velocity-engine-core-2.3.jar:/home/marman/.m2/repository/org/apache/velocity/tools/velocity-tools-generic/3.1/velocity-tools-generic-3.1.jar:/home/marman/.m2/repository/commons-beanutils/commons-beanutils/1.9.4/commons-beanutils-1.9.4.jar:/home/marman/.m2/repository/commons-logging/commons-logging/1.2/commons-logging-1.2.jar:/home/marman/.m2/repository/commons-collections/commons-collections/3.2.2/commons-collections-3.2.2.jar:/home/marman/.m2/repository/org/apache/commons/commons-digester3/3.2/commons-digester3-3.2.jar:/home/marman/.m2/repository/com/github/cliftonlabs/json-simple/3.0.2/json-simple-3.0.2.jar:/home/marman/.m2/repository/org/apache/commons/commons-lang3/3.12.0/commons-lang3-3.12.0.jar:/home/marman/.m2/repository/org/apache/maven/doxia/doxia-integration-tools/2.0.0-M3/doxia-integration-tools-2.0.0-M3.jar:/home/marman/.m2/repository/org/eclipse/jetty/jetty-server/9.4.46.v20220331/jetty-server-9.4.46.v20220331.jar:/home/marman/.m2/repository/javax/servlet/javax.servlet-api/3.1.0/javax.servlet-api-3.1.0.jar:/home/marman/.m2/repository/org/eclipse/jetty/jetty-http/9.4.46.v20220331/jetty-http-9.4.46.v20220331.jar:/home/marman/.m2/repository/org/eclipse/jetty/jetty-io/9.4.46.v20220331/jetty-io-9.4.46.v20220331.jar:/home/marman/.m2/repository/org/eclipse/jetty/jetty-servlet/9.4.46.v20220331/jetty-servlet-9.4.46.v20220331.jar:/home/marman/.m2/repository/org/eclipse/jetty/jetty-security/9.4.46.v20220331/jetty-security-9.4.46.v20220331.jar:/home/marman/.m2/repository/org/eclipse/jetty/jetty-util-ajax/9.4.46.v20220331/jetty-util-ajax-9.4.46.v20220331.jar:/home/marman/.m2/repository/org/eclipse/jetty/jetty-webapp/9.4.46.v20220331/jetty-webapp-9.4.46.v20220331.jar:/home/marman/.m2/repository/org/eclipse/jetty/jetty-xml/9.4.46.v20220331/jetty-xml-9.4.46.v20220331.jar:/home/marman/.m2/repository/org/eclipse/jetty/jetty-util/9.4.46.v20220331/jetty-util-9.4.46.v20220331.jar:/home/marman/.m2/repository/org/junit/jupiter/junit-jupiter/5.8.2/junit-jupiter-5.8.2.jar:/home/marman/.m2/repository/org/junit/jupiter/junit-jupiter-api/5.8.2/junit-jupiter-api-5.8.2.jar:/home/marman/.m2/repository/org/opentest4j/opentest4j/1.2.0/opentest4j-1.2.0.jar:/home/marman/.m2/repository/org/junit/platform/junit-platform-commons/1.8.2/junit-platform-commons-1.8.2.jar:/home/marman/.m2/repository/org/apiguardian/apiguardian-api/1.1.2/apiguardian-api-1.1.2.jar:/home/marman/.m2/repository/org/junit/jupiter/junit-jupiter-params/5.8.2/junit-jupiter-params-5.8.2.jar:/home/marman/.m2/repository/org/junit/jupiter/junit-jupiter-engine/5.8.2/junit-jupiter-engine-5.8.2.jar:/home/marman/.m2/repository/org/junit/platform/junit-platform-engine/1.8.2/junit-platform-engine-1.8.2.jar:"/>
    <property name="sun.cpu.endian" value="little"/>
    <property name="user.home" value="/home/marman"/>
    <property name="user.language" value="it"/>
    <property name="java.specification.vendor" value="Oracle Corporation"/>
    <property name="java.version.date" value="2022-04-19"/>
    <property name="java.home" value="/usr/lib/jvm/java-11-openjdk-amd64"/>
    <property name="file.separator" value="/"/>
    <property name="basedir" value="/home/marman/NetBeansProjects/testMex"/>
    <property name="java.vm.compressedOopsMode" value="Zero based"/>
    <property name="line.separator" value="&#10;"/>
    <property name="java.specification.name" value="Java Platform API Specification"/>
    <property name="java.vm.specification.vendor" value="Oracle Corporation"/>
    <property name="java.awt.graphicsenv" value="sun.awt.X11GraphicsEnvironment"/>
    <property name="surefire.real.class.path" value="/home/marman/NetBeansProjects/testMex/target/surefire/surefirebooter2454603053380622393.jar"/>
    <property name="sun.management.compiler" value="HotSpot 64-Bit Tiered Compilers"/>
    <property name="java.runtime.version" value="11.0.15+10-Ubuntu-0ubuntu0.20.04.1"/>
    <property name="user.name" value="marman"/>
    <property name="path.separator" value=":"/>
    <property name="os.version" value="5.13.0-52-generic"/>
    <property name="java.runtime.name" value="OpenJDK Runtime Environment"/>
    <property name="file.encoding" value="UTF-8"/>
    <property name="java.vm.name" value="OpenJDK 64-Bit Server VM"/>
    <property name="localRepository" value="/home/marman/.m2/repository"/>
    <property name="java.vendor.url.bug" value="Unknown"/>
    <property name="java.io.tmpdir" value="/tmp"/>
    <property name="java.version" value="11.0.15"/>
    <property name="user.dir" value="/home/marman/NetBeansProjects/testMex"/>
    <property name="os.arch" value="amd64"/>
    <property name="java.vm.specification.name" value="Java Virtual Machine Specification"/>
    <property name="java.awt.printerjob" value="sun.print.PSPrinterJob"/>
    <property name="sun.os.patch.level" value="unknown"/>
    <property name="java.library.path" value=":/usr/java/packages/lib:/usr/lib/x86_64-linux-gnu/jni:/lib/x86_64-linux-gnu:/usr/lib/x86_64-linux-gnu:/usr/lib/jni:/lib:/usr/lib"/>
    <property name="java.vm.info" value="mixed mode"/>
    <property name="java.vendor" value="Private Build"/>
    <property name="java.vm.version" value="11.0.15+10-Ubuntu-0ubuntu0.20.04.1"/>
    <property name="sun.io.unicode.encoding" value="UnicodeLittle"/>
    <property name="java.class.version" value="55.0"/>
  </properties>
  <testcase name="lstUtnTest" classname="com.mycompany.testmex.RubricaTest" time="0.481">
    <failure message="array contents differ at index [1], expected: &lt;luca&gt; but was: &lt;maria&gt;" type="org.opentest4j.AssertionFailedError"><![CDATA[org.opentest4j.AssertionFailedError: array contents differ at index [1], expected: <luca> but was: <maria>
	at org.junit.jupiter.api.AssertionUtils.fail(AssertionUtils.java:39)
	at org.junit.jupiter.api.AssertArrayEquals.failArraysNotEqual(AssertArrayEquals.java:432)
	at org.junit.jupiter.api.AssertArrayEquals.assertArrayElementsEqual(AssertArrayEquals.java:392)
	at org.junit.jupiter.api.AssertArrayEquals.assertArrayEquals(AssertArrayEquals.java:349)
	at org.junit.jupiter.api.AssertArrayEquals.assertArrayEquals(AssertArrayEquals.java:162)
	at org.junit.jupiter.api.AssertArrayEquals.assertArrayEquals(AssertArrayEquals.java:158)
	at org.junit.jupiter.api.Assertions.assertArrayEquals(Assertions.java:1452)
	at com.mycompany.testmex.RubricaTest.lstUtnTest(RubricaTest.java:24)
	at java.base/jdk.internal.reflect.NativeMethodAccessorImpl.invoke0(Native Method)
	at java.base/jdk.internal.reflect.NativeMethodAccessorImpl.invoke(NativeMethodAccessorImpl.java:62)
	at java.base/jdk.internal.reflect.DelegatingMethodAccessorImpl.invoke(DelegatingMethodAccessorImpl.java:43)
	at java.base/java.lang.reflect.Method.invoke(Method.java:566)
	at org.junit.platform.commons.util.ReflectionUtils.invokeMethod(ReflectionUtils.java:725)
	at org.junit.jupiter.engine.execution.MethodInvocation.proceed(MethodInvocation.java:60)
	at org.junit.jupiter.engine.execution.InvocationInterceptorChain$ValidatingInvocation.proceed(InvocationInterceptorChain.java:131)
	at org.junit.jupiter.engine.extension.TimeoutExtension.intercept(TimeoutExtension.java:149)
	at org.junit.jupiter.engine.extension.TimeoutExtension.interceptTestableMethod(TimeoutExtension.java:140)
	at org.junit.jupiter.engine.extension.TimeoutExtension.interceptTestMethod(TimeoutExtension.java:84)
	at org.junit.jupiter.engine.execution.ExecutableInvoker$ReflectiveInterceptorCall.lambda$ofVoidMethod$0(ExecutableInvoker.java:115)
	at org.junit.jupiter.engine.execution.ExecutableInvoker.lambda$invoke$0(ExecutableInvoker.java:105)
	at org.junit.jupiter.engine.execution.InvocationInterceptorChain$InterceptedInvocation.proceed(InvocationInterceptorChain.java:106)
	at org.junit.jupiter.engine.execution.InvocationInterceptorChain.proceed(InvocationInterceptorChain.java:64)
	at org.junit.jupiter.engine.execution.InvocationInterceptorChain.chainAndInvoke(InvocationInterceptorChain.java:45)
	at org.junit.jupiter.engine.execution.InvocationInterceptorChain.invoke(InvocationInterceptorChain.java:37)
	at org.junit.jupiter.engine.execution.ExecutableInvoker.invoke(ExecutableInvoker.java:104)
	at org.junit.jupiter.engine.execution.ExecutableInvoker.invoke(ExecutableInvoker.java:98)
	at org.junit.jupiter.engine.descriptor.TestMethodTestDescriptor.lambda$invokeTestMethod$7(TestMethodTestDescriptor.java:214)
	at org.junit.platform.engine.support.hierarchical.ThrowableCollector.execute(ThrowableCollector.java:73)
	at org.junit.jupiter.engine.descriptor.TestMethodTestDescriptor.invokeTestMethod(TestMethodTestDescriptor.java:210)
	at org.junit.jupiter.engine.descriptor.TestMethodTestDescriptor.execute(TestMethodTestDescriptor.java:135)
	at org.junit.jupiter.engine.descriptor.TestMethodTestDescriptor.execute(TestMethodTestDescriptor.java:66)
	at org.junit.platform.engine.support.hierarchical.NodeTestTask.lambda$executeRecursively$6(NodeTestTask.java:151)
	at org.junit.platform.engine.support.hierarchical.ThrowableCollector.execute(ThrowableCollector.java:73)
	at org.junit.platform.engine.support.hierarchical.NodeTestTask.lambda$executeRecursively$8(NodeTestTask.java:141)
	at org.junit.platform.engine.support.hierarchical.Node.around(Node.java:137)
	at org.junit.platform.engine.support.hierarchical.NodeTestTask.lambda$executeRecursively$9(NodeTestTask.java:139)
	at org.junit.platform.engine.support.hierarchical.ThrowableCollector.execute(ThrowableCollector.java:73)
	at org.junit.platform.engine.support.hierarchical.NodeTestTask.executeRecursively(NodeTestTask.java:138)
	at org.junit.platform.engine.support.hierarchical.NodeTestTask.execute(NodeTestTask.java:95)
	at java.base/java.util.ArrayList.forEach(ArrayList.java:1541)
	at org.junit.platform.engine.support.hierarchical.SameThreadHierarchicalTestExecutorService.invokeAll(SameThreadHierarchicalTestExecutorService.java:41)
	at org.junit.platform.engine.support.hierarchical.NodeTestTask.lambda$executeRecursively$6(NodeTestTask.java:155)
	at org.junit.platform.engine.support.hierarchical.ThrowableCollector.execute(ThrowableCollector.java:73)
	at org.junit.platform.engine.support.hierarchical.NodeTestTask.lambda$executeRecursively$8(NodeTestTask.java:141)
	at org.junit.platform.engine.support.hierarchical.Node.around(Node.java:137)
	at org.junit.platform.engine.support.hierarchical.NodeTestTask.lambda$executeRecursively$9(NodeTestTask.java:139)
	at org.junit.platform.engine.support.hierarchical.ThrowableCollector.execute(ThrowableCollector.java:73)
	at org.junit.platform.engine.support.hierarchical.NodeTestTask.executeRecursively(NodeTestTask.java:138)
	at org.junit.platform.engine.support.hierarchical.NodeTestTask.execute(NodeTestTask.java:95)
	at java.base/java.util.ArrayList.forEach(ArrayList.java:1541)
	at org.junit.platform.engine.support.hierarchical.SameThreadHierarchicalTestExecutorService.invokeAll(SameThreadHierarchicalTestExecutorService.java:41)
	at org.junit.platform.engine.support.hierarchical.NodeTestTask.lambda$executeRecursively$6(NodeTestTask.java:155)
	at org.junit.platform.engine.support.hierarchical.ThrowableCollector.execute(ThrowableCollector.java:73)
	at org.junit.platform.engine.support.hierarchical.NodeTestTask.lambda$executeRecursively$8(NodeTestTask.java:141)
	at org.junit.platform.engine.support.hierarchical.Node.around(Node.java:137)
	at org.junit.platform.engine.support.hierarchical.NodeTestTask.lambda$executeRecursively$9(NodeTestTask.java:139)
	at org.junit.platform.engine.support.hierarchical.ThrowableCollector.execute(ThrowableCollector.java:73)
	at org.junit.platform.engine.support.hierarchical.NodeTestTask.executeRecursively(NodeTestTask.java:138)
	at org.junit.platform.engine.support.hierarchical.NodeTestTask.execute(NodeTestTask.java:95)
	at org.junit.platform.engine.support.hierarchical.SameThreadHierarchicalTestExecutorService.submit(SameThreadHierarchicalTestExecutorService.java:35)
	at org.junit.platform.engine.support.hierarchical.HierarchicalTestExecutor.execute(HierarchicalTestExecutor.java:57)
	at org.junit.platform.engine.support.hierarchical.HierarchicalTestEngine.execute(HierarchicalTestEngine.java:54)
	at org.junit.platform.launcher.core.EngineExecutionOrchestrator.execute(EngineExecutionOrchestrator.java:107)
	at org.junit.platform.launcher.core.EngineExecutionOrchestrator.execute(EngineExecutionOrchestrator.java:88)
	at org.junit.platform.launcher.core.EngineExecutionOrchestrator.lambda$execute$0(EngineExecutionOrchestrator.java:54)
	at org.junit.platform.launcher.core.EngineExecutionOrchestrator.withInterceptedStreams(EngineExecutionOrchestrator.java:67)
	at org.junit.platform.launcher.core.EngineExecutionOrchestrator.execute(EngineExecutionOrchestrator.java:52)
	at org.junit.platform.launcher.core.DefaultLauncher.execute(DefaultLauncher.java:114)
	at org.junit.platform.launcher.core.DefaultLauncher.execute(DefaultLauncher.java:86)
	at org.junit.platform.launcher.core.DefaultLauncherSession$DelegatingLauncher.execute(DefaultLauncherSession.java:86)
	at org.apache.maven.surefire.junitplatform.LazyLauncher.execute(LazyLauncher.java:55)
	at org.apache.maven.surefire.junitplatform.JUnitPlatformProvider.execute(JUnitPlatformProvider.java:223)
	at org.apache.maven.surefire.junitplatform.JUnitPlatformProvider.invokeAllTests(JUnitPlatformProvider.java:175)
	at org.apache.maven.surefire.junitplatform.JUnitPlatformProvider.invoke(JUnitPlatformProvider.java:139)
	at org.apache.maven.surefire.booter.ForkedBooter.runSuitesInProcess(ForkedBooter.java:456)
	at org.apache.maven.surefire.booter.ForkedBooter.execute(ForkedBooter.java:169)
	at org.apache.maven.surefire.booter.ForkedBooter.run(ForkedBooter.java:595)
	at org.apache.maven.surefire.booter.ForkedBooter.main(ForkedBooter.java:581)
]]></failure>
    <system-out><![CDATA[test metodo lstUtn
]]></system-out>
  </testcase>
  <testcase name="lstMsgTest" classname="com.mycompany.testmex.RubricaTest" time="0.075">
    <failure message="array contents differ at index [1], expected: &lt;luca: 2375589934599949182048340519685405030981426852435908700982431262882842756216090260584903550733261253601286532071838946795168821842477715748490674983543719306144523284784687661058745960429565246319332924242127546379092504297747869534972540512354081603904380839025040323014837397873107587799272086643509294808502157747830837052493968878712332399685171724642643178183750522738491389521565744369720909688087900299473518799380171255244763754387699261743321685917151868264149404985848478622536520550730878492083501834767958915766934475168206950182662635946742658132494446275182196343572272099897621241790024340637698175819&gt; but was: &lt;null&gt;" type="org.opentest4j.AssertionFailedError"><![CDATA[org.opentest4j.AssertionFailedError: array contents differ at index [1], expected: <luca: 2375589934599949182048340519685405030981426852435908700982431262882842756216090260584903550733261253601286532071838946795168821842477715748490674983543719306144523284784687661058745960429565246319332924242127546379092504297747869534972540512354081603904380839025040323014837397873107587799272086643509294808502157747830837052493968878712332399685171724642643178183750522738491389521565744369720909688087900299473518799380171255244763754387699261743321685917151868264149404985848478622536520550730878492083501834767958915766934475168206950182662635946742658132494446275182196343572272099897621241790024340637698175819> but was: <null>
	at org.junit.jupiter.api.AssertionUtils.fail(AssertionUtils.java:39)
	at org.junit.jupiter.api.AssertArrayEquals.failArraysNotEqual(AssertArrayEquals.java:432)
	at org.junit.jupiter.api.AssertArrayEquals.assertArrayElementsEqual(AssertArrayEquals.java:392)
	at org.junit.jupiter.api.AssertArrayEquals.assertArrayEquals(AssertArrayEquals.java:349)
	at org.junit.jupiter.api.AssertArrayEquals.assertArrayEquals(AssertArrayEquals.java:162)
	at org.junit.jupiter.api.AssertArrayEquals.assertArrayEquals(AssertArrayEquals.java:158)
	at org.junit.jupiter.api.Assertions.assertArrayEquals(Assertions.java:1452)
	at com.mycompany.testmex.RubricaTest.lstMsgTest(RubricaTest.java:35)
	at java.base/jdk.internal.reflect.NativeMethodAccessorImpl.invoke0(Native Method)
	at java.base/jdk.internal.reflect.NativeMethodAccessorImpl.invoke(NativeMethodAccessorImpl.java:62)
	at java.base/jdk.internal.reflect.DelegatingMethodAccessorImpl.invoke(DelegatingMethodAccessorImpl.java:43)
	at java.base/java.lang.reflect.Method.invoke(Method.java:566)
	at org.junit.platform.commons.util.ReflectionUtils.invokeMethod(ReflectionUtils.java:725)
	at org.junit.jupiter.engine.execution.MethodInvocation.proceed(MethodInvocation.java:60)
	at org.junit.jupiter.engine.execution.InvocationInterceptorChain$ValidatingInvocation.proceed(InvocationInterceptorChain.java:131)
	at org.junit.jupiter.engine.extension.TimeoutExtension.intercept(TimeoutExtension.java:149)
	at org.junit.jupiter.engine.extension.TimeoutExtension.interceptTestableMethod(TimeoutExtension.java:140)
	at org.junit.jupiter.engine.extension.TimeoutExtension.interceptTestMethod(TimeoutExtension.java:84)
	at org.junit.jupiter.engine.execution.ExecutableInvoker$ReflectiveInterceptorCall.lambda$ofVoidMethod$0(ExecutableInvoker.java:115)
	at org.junit.jupiter.engine.execution.ExecutableInvoker.lambda$invoke$0(ExecutableInvoker.java:105)
	at org.junit.jupiter.engine.execution.InvocationInterceptorChain$InterceptedInvocation.proceed(InvocationInterceptorChain.java:106)
	at org.junit.jupiter.engine.execution.InvocationInterceptorChain.proceed(InvocationInterceptorChain.java:64)
	at org.junit.jupiter.engine.execution.InvocationInterceptorChain.chainAndInvoke(InvocationInterceptorChain.java:45)
	at org.junit.jupiter.engine.execution.InvocationInterceptorChain.invoke(InvocationInterceptorChain.java:37)
	at org.junit.jupiter.engine.execution.ExecutableInvoker.invoke(ExecutableInvoker.java:104)
	at org.junit.jupiter.engine.execution.ExecutableInvoker.invoke(ExecutableInvoker.java:98)
	at org.junit.jupiter.engine.descriptor.TestMethodTestDescriptor.lambda$invokeTestMethod$7(TestMethodTestDescriptor.java:214)
	at org.junit.platform.engine.support.hierarchical.ThrowableCollector.execute(ThrowableCollector.java:73)
	at org.junit.jupiter.engine.descriptor.TestMethodTestDescriptor.invokeTestMethod(TestMethodTestDescriptor.java:210)
	at org.junit.jupiter.engine.descriptor.TestMethodTestDescriptor.execute(TestMethodTestDescriptor.java:135)
	at org.junit.jupiter.engine.descriptor.TestMethodTestDescriptor.execute(TestMethodTestDescriptor.java:66)
	at org.junit.platform.engine.support.hierarchical.NodeTestTask.lambda$executeRecursively$6(NodeTestTask.java:151)
	at org.junit.platform.engine.support.hierarchical.ThrowableCollector.execute(ThrowableCollector.java:73)
	at org.junit.platform.engine.support.hierarchical.NodeTestTask.lambda$executeRecursively$8(NodeTestTask.java:141)
	at org.junit.platform.engine.support.hierarchical.Node.around(Node.java:137)
	at org.junit.platform.engine.support.hierarchical.NodeTestTask.lambda$executeRecursively$9(NodeTestTask.java:139)
	at org.junit.platform.engine.support.hierarchical.ThrowableCollector.execute(ThrowableCollector.java:73)
	at org.junit.platform.engine.support.hierarchical.NodeTestTask.executeRecursively(NodeTestTask.java:138)
	at org.junit.platform.engine.support.hierarchical.NodeTestTask.execute(NodeTestTask.java:95)
	at java.base/java.util.ArrayList.forEach(ArrayList.java:1541)
	at org.junit.platform.engine.support.hierarchical.SameThreadHierarchicalTestExecutorService.invokeAll(SameThreadHierarchicalTestExecutorService.java:41)
	at org.junit.platform.engine.support.hierarchical.NodeTestTask.lambda$executeRecursively$6(NodeTestTask.java:155)
	at org.junit.platform.engine.support.hierarchical.ThrowableCollector.execute(ThrowableCollector.java:73)
	at org.junit.platform.engine.support.hierarchical.NodeTestTask.lambda$executeRecursively$8(NodeTestTask.java:141)
	at org.junit.platform.engine.support.hierarchical.Node.around(Node.java:137)
	at org.junit.platform.engine.support.hierarchical.NodeTestTask.lambda$executeRecursively$9(NodeTestTask.java:139)
	at org.junit.platform.engine.support.hierarchical.ThrowableCollector.execute(ThrowableCollector.java:73)
	at org.junit.platform.engine.support.hierarchical.NodeTestTask.executeRecursively(NodeTestTask.java:138)
	at org.junit.platform.engine.support.hierarchical.NodeTestTask.execute(NodeTestTask.java:95)
	at java.base/java.util.ArrayList.forEach(ArrayList.java:1541)
	at org.junit.platform.engine.support.hierarchical.SameThreadHierarchicalTestExecutorService.invokeAll(SameThreadHierarchicalTestExecutorService.java:41)
	at org.junit.platform.engine.support.hierarchical.NodeTestTask.lambda$executeRecursively$6(NodeTestTask.java:155)
	at org.junit.platform.engine.support.hierarchical.ThrowableCollector.execute(ThrowableCollector.java:73)
	at org.junit.platform.engine.support.hierarchical.NodeTestTask.lambda$executeRecursively$8(NodeTestTask.java:141)
	at org.junit.platform.engine.support.hierarchical.Node.around(Node.java:137)
	at org.junit.platform.engine.support.hierarchical.NodeTestTask.lambda$executeRecursively$9(NodeTestTask.java:139)
	at org.junit.platform.engine.support.hierarchical.ThrowableCollector.execute(ThrowableCollector.java:73)
	at org.junit.platform.engine.support.hierarchical.NodeTestTask.executeRecursively(NodeTestTask.java:138)
	at org.junit.platform.engine.support.hierarchical.NodeTestTask.execute(NodeTestTask.java:95)
	at org.junit.platform.engine.support.hierarchical.SameThreadHierarchicalTestExecutorService.submit(SameThreadHierarchicalTestExecutorService.java:35)
	at org.junit.platform.engine.support.hierarchical.HierarchicalTestExecutor.execute(HierarchicalTestExecutor.java:57)
	at org.junit.platform.engine.support.hierarchical.HierarchicalTestEngine.execute(HierarchicalTestEngine.java:54)
	at org.junit.platform.launcher.core.EngineExecutionOrchestrator.execute(EngineExecutionOrchestrator.java:107)
	at org.junit.platform.launcher.core.EngineExecutionOrchestrator.execute(EngineExecutionOrchestrator.java:88)
	at org.junit.platform.launcher.core.EngineExecutionOrchestrator.lambda$execute$0(EngineExecutionOrchestrator.java:54)
	at org.junit.platform.launcher.core.EngineExecutionOrchestrator.withInterceptedStreams(EngineExecutionOrchestrator.java:67)
	at org.junit.platform.launcher.core.EngineExecutionOrchestrator.execute(EngineExecutionOrchestrator.java:52)
	at org.junit.platform.launcher.core.DefaultLauncher.execute(DefaultLauncher.java:114)
	at org.junit.platform.launcher.core.DefaultLauncher.execute(DefaultLauncher.java:86)
	at org.junit.platform.launcher.core.DefaultLauncherSession$DelegatingLauncher.execute(DefaultLauncherSession.java:86)
	at org.apache.maven.surefire.junitplatform.LazyLauncher.execute(LazyLauncher.java:55)
	at org.apache.maven.surefire.junitplatform.JUnitPlatformProvider.execute(JUnitPlatformProvider.java:223)
	at org.apache.maven.surefire.junitplatform.JUnitPlatformProvider.invokeAllTests(JUnitPlatformProvider.java:175)
	at org.apache.maven.surefire.junitplatform.JUnitPlatformProvider.invoke(JUnitPlatformProvider.java:139)
	at org.apache.maven.surefire.booter.ForkedBooter.runSuitesInProcess(ForkedBooter.java:456)
	at org.apache.maven.surefire.booter.ForkedBooter.execute(ForkedBooter.java:169)
	at org.apache.maven.surefire.booter.ForkedBooter.run(ForkedBooter.java:595)
	at org.apache.maven.surefire.booter.ForkedBooter.main(ForkedBooter.java:581)
]]></failure>
    <system-out><![CDATA[test metodo lstMsg
]]></system-out>
  </testcase>
</testsuite>