<?xml version="1.0" encoding="UTF-8"?>
<testsuite xmlns:xsi="http://www.w3.org/2001/XMLSchema-instance" xsi:noNamespaceSchemaLocation="https://maven.apache.org/surefire/maven-surefire-plugin/xsd/surefire-test-report-3.0.xsd" version="3.0" name="com.mycompany.testmex.RSANumericoTest" time="0.105" tests="7" errors="0" skipped="0" failures="0">
  <properties>
    <property name="sun.desktop" value="gnome"/>
    <property name="awt.toolkit" value="sun.awt.X11.XToolkit"/>
    <property name="java.specification.version" value="11"/>
    <property name="sun.cpu.isalist" value=""/>
    <property name="sun.jnu.encoding" value="UTF-8"/>
    <property name="java.class.path" value="/home/marman/NetBeansProjects/testMex/target/test-classes:/home/marman/NetBeansProjects/testMex/target/classes:/home/marman/.m2/repository/mysql/mysql-connector-java/8.0.29/mysql-connector-java-8.0.29.jar:/home/marman/.m2/repository/com/google/protobuf/protobuf-java/3.19.4/protobuf-java-3.19.4.jar:/home/marman/.m2/repository/org/apache/maven/plugins/maven-site-plugin/4.0.0-M2/maven-site-plugin-4.0.0-M2.jar:/home/marman/.m2/repository/org/apache/maven/reporting/maven-reporting-api/4.0.0-M1/maven-reporting-api-4.0.0-M1.jar:/home/marman/.m2/repository/org/apache/maven/reporting/maven-reporting-exec/2.0.0-M1/maven-reporting-exec-2.0.0-M1.jar:/home/marman/.m2/repository/org/apache/maven/maven-artifact/3.2.5/maven-artifact-3.2.5.jar:/home/marman/.m2/repository/org/apache/maven/maven-core/3.2.5/maven-core-3.2.5.jar:/home/marman/.m2/repository/org/apache/maven/maven-repository-metadata/3.2.5/maven-repository-metadata-3.2.5.jar:/home/marman/.m2/repository/org/apache/maven/maven-model-builder/3.2.5/maven-model-builder-3.2.5.jar:/home/marman/.m2/repository/org/apache/maven/maven-aether-provider/3.2.5/maven-aether-provider-3.2.5.jar:/home/marman/.m2/repository/org/eclipse/aether/aether-spi/1.0.0.v20140518/aether-spi-1.0.0.v20140518.jar:/home/marman/.m2/repository/org/eclipse/aether/aether-impl/1.0.0.v20140518/aether-impl-1.0.0.v20140518.jar:/home/marman/.m2/repository/org/eclipse/aether/aether-api/1.0.0.v20140518/aether-api-1.0.0.v20140518.jar:/home/marman/.m2/repository/org/sonatype/sisu/sisu-guice/3.2.3/sisu-guice-3.2.3-no_aop.jar:/home/marman/.m2/repository/aopalliance/aopalliance/1.0/aopalliance-1.0.jar:/home/marman/.m2/repository/com/google/guava/guava/16.0.1/guava-16.0.1.jar:/home/marman/.m2/repository/org/codehaus/plexus/plexus-component-annotations/1.5.5/plexus-component-annotations-1.5.5.jar:/home/marman/.m2/repository/org/sonatype/plexus/plexus-sec-dispatcher/1.3/plexus-sec-dispatcher-1.3.jar:/home/marman/.m2/repository/org/sonatype/plexus/plexus-cipher/1.4/plexus-cipher-1.4.jar:/home/marman/.m2/repository/org/apache/maven/maven-model/3.2.5/maven-model-3.2.5.jar:/home/marman/.m2/repository/org/apache/maven/maven-plugin-api/3.2.5/maven-plugin-api-3.2.5.jar:/home/marman/.m2/repository/org/apache/maven/maven-settings/3.2.5/maven-settings-3.2.5.jar:/home/marman/.m2/repository/org/apache/maven/maven-settings-builder/3.2.5/maven-settings-builder-3.2.5.jar:/home/marman/.m2/repository/org/slf4j/slf4j-api/1.7.36/slf4j-api-1.7.36.jar:/home/marman/.m2/repository/org/eclipse/aether/aether-util/1.0.0.v20140518/aether-util-1.0.0.v20140518.jar:/home/marman/.m2/repository/org/codehaus/plexus/plexus-classworlds/2.5.2/plexus-classworlds-2.5.2.jar:/home/marman/.m2/repository/org/apache/maven/shared/maven-shared-utils/3.3.4/maven-shared-utils-3.3.4.jar:/home/marman/.m2/repository/commons-io/commons-io/2.6/commons-io-2.6.jar:/home/marman/.m2/repository/org/apache/maven/maven-archiver/3.5.2/maven-archiver-3.5.2.jar:/home/marman/.m2/repository/org/apache/commons/commons-compress/1.20/commons-compress-1.20.jar:/home/marman/.m2/repository/org/codehaus/plexus/plexus-interpolation/1.26/plexus-interpolation-1.26.jar:/home/marman/.m2/repository/org/codehaus/plexus/plexus-archiver/4.2.7/plexus-archiver-4.2.7.jar:/home/marman/.m2/repository/org/codehaus/plexus/plexus-io/3.2.0/plexus-io-3.2.0.jar:/home/marman/.m2/repository/org/iq80/snappy/snappy/0.4/snappy-0.4.jar:/home/marman/.m2/repository/org/tukaani/xz/1.9/xz-1.9.jar:/home/marman/.m2/repository/org/codehaus/plexus/plexus-i18n/1.0-beta-10/plexus-i18n-1.0-beta-10.jar:/home/marman/.m2/repository/org/codehaus/plexus/plexus-utils/3.4.2/plexus-utils-3.4.2.jar:/home/marman/.m2/repository/org/apache/maven/doxia/doxia-sink-api/2.0.0-M3/doxia-sink-api-2.0.0-M3.jar:/home/marman/.m2/repository/org/apache/maven/doxia/doxia-core/2.0.0-M3/doxia-core-2.0.0-M3.jar:/home/marman/.m2/repository/javax/inject/javax.inject/1/javax.inject-1.jar:/home/marman/.m2/repository/org/eclipse/sisu/org.eclipse.sisu.plexus/0.3.5/org.eclipse.sisu.plexus-0.3.5.jar:/home/marman/.m2/repository/javax/annotation/javax.annotation-api/1.2/javax.annotation-api-1.2.jar:/home/marman/.m2/repository/javax/enterprise/cdi-api/1.2/cdi-api-1.2.jar:/home/marman/.m2/repository/org/eclipse/sisu/org.eclipse.sisu.inject/0.3.5/org.eclipse.sisu.inject-0.3.5.jar:/home/marman/.m2/repository/org/apache/commons/commons-text/1.9/commons-text-1.9.jar:/home/marman/.m2/repository/org/apache/maven/doxia/doxia-module-xhtml/2.0.0-M3/doxia-module-xhtml-2.0.0-M3.jar:/home/marman/.m2/repository/org/apache/maven/doxia/doxia-module-xhtml5/2.0.0-M3/doxia-module-xhtml5-2.0.0-M3.jar:/home/marman/.m2/repository/org/apache/maven/doxia/doxia-module-apt/2.0.0-M3/doxia-module-apt-2.0.0-M3.jar:/home/marman/.m2/repository/org/apache/maven/doxia/doxia-module-xdoc/2.0.0-M3/doxia-module-xdoc-2.0.0-M3.jar:/home/marman/.m2/repository/org/apache/maven/doxia/doxia-module-fml/2.0.0-M3/doxia-module-fml-2.0.0-M3.jar:/home/marman/.m2/repository/org/apache/maven/doxia/doxia-module-markdown/2.0.0-M3/doxia-module-markdown-2.0.0-M3.jar:/home/marman/.m2/repository/com/vladsch/flexmark/flexmark-all/0.50.50/flexmark-all-0.50.50.jar:/home/marman/.m2/repository/com/vladsch/flexmark/flexmark/0.50.50/flexmark-0.50.50.jar:/home/marman/.m2/repository/com/vladsch/flexmark/flexmark-ext-abbreviation/0.50.50/flexmark-ext-abbreviation-0.50.50.jar:/home/marman/.m2/repository/com/vladsch/flexmark/flexmark-ext-admonition/0.50.50/flexmark-ext-admonition-0.50.50.jar:/home/marman/.m2/repository/com/vladsch/flexmark/flexmark-ext-anchorlink/0.50.50/flexmark-ext-anchorlink-0.50.50.jar:/home/marman/.m2/repository/com/vladsch/flexmark/flexmark-ext-aside/0.50.50/flexmark-ext-aside-0.50.50.jar:/home/marman/.m2/repository/com/vladsch/flexmark/flexmark-ext-attributes/0.50.50/flexmark-ext-attributes-0.50.50.jar:/home/marman/.m2/repository/com/vladsch/flexmark/flexmark-ext-autolink/0.50.50/flexmark-ext-autolink-0.50.50.jar:/home/marman/.m2/repository/org/nibor/autolink/autolink/0.6.0/autolink-0.6.0.jar:/home/marman/.m2/repository/com/vladsch/flexmark/flexmark-ext-definition/0.50.50/flexmark-ext-definition-0.50.50.jar:/home/marman/.m2/repository/com/vladsch/flexmark/flexmark-ext-emoji/0.50.50/flexmark-ext-emoji-0.50.50.jar:/home/marman/.m2/repository/com/vladsch/flexmark/flexmark-ext-enumerated-reference/0.50.50/flexmark-ext-enumerated-reference-0.50.50.jar:/home/marman/.m2/repository/com/vladsch/flexmark/flexmark-ext-escaped-character/0.50.50/flexmark-ext-escaped-character-0.50.50.jar:/home/marman/.m2/repository/com/vladsch/flexmark/flexmark-ext-footnotes/0.50.50/flexmark-ext-footnotes-0.50.50.jar:/home/marman/.m2/repository/com/vladsch/flexmark/flexmark-ext-gfm-issues/0.50.50/flexmark-ext-gfm-issues-0.50.50.jar:/home/marman/.m2/repository/com/vladsch/flexmark/flexmark-ext-gfm-strikethrough/0.50.50/flexmark-ext-gfm-strikethrough-0.50.50.jar:/home/marman/.m2/repository/com/vladsch/flexmark/flexmark-ext-gfm-tables/0.50.50/flexmark-ext-gfm-tables-0.50.50.jar:/home/marman/.m2/repository/com/vladsch/flexmark/flexmark-ext-gfm-tasklist/0.50.50/flexmark-ext-gfm-tasklist-0.50.50.jar:/home/marman/.m2/repository/com/vladsch/flexmark/flexmark-ext-gfm-users/0.50.50/flexmark-ext-gfm-users-0.50.50.jar:/home/marman/.m2/repository/com/vladsch/flexmark/flexmark-ext-gitlab/0.50.50/flexmark-ext-gitlab-0.50.50.jar:/home/marman/.m2/repository/com/vladsch/flexmark/flexmark-ext-jekyll-front-matter/0.50.50/flexmark-ext-jekyll-front-matter-0.50.50.jar:/home/marman/.m2/repository/com/vladsch/flexmark/flexmark-ext-jekyll-tag/0.50.50/flexmark-ext-jekyll-tag-0.50.50.jar:/home/marman/.m2/repository/com/vladsch/flexmark/flexmark-ext-media-tags/0.50.50/flexmark-ext-media-tags-0.50.50.jar:/home/marman/.m2/repository/com/vladsch/flexmark/flexmark-ext-macros/0.50.50/flexmark-ext-macros-0.50.50.jar:/home/marman/.m2/repository/com/vladsch/flexmark/flexmark-ext-ins/0.50.50/flexmark-ext-ins-0.50.50.jar:/home/marman/.m2/repository/com/vladsch/flexmark/flexmark-ext-xwiki-macros/0.50.50/flexmark-ext-xwiki-macros-0.50.50.jar:/home/marman/.m2/repository/com/vladsch/flexmark/flexmark-ext-superscript/0.50.50/flexmark-ext-superscript-0.50.50.jar:/home/marman/.m2/repository/com/vladsch/flexmark/flexmark-ext-tables/0.50.50/flexmark-ext-tables-0.50.50.jar:/home/marman/.m2/repository/com/vladsch/flexmark/flexmark-ext-toc/0.50.50/flexmark-ext-toc-0.50.50.jar:/home/marman/.m2/repository/com/vladsch/flexmark/flexmark-ext-typographic/0.50.50/flexmark-ext-typographic-0.50.50.jar:/home/marman/.m2/repository/com/vladsch/flexmark/flexmark-ext-wikilink/0.50.50/flexmark-ext-wikilink-0.50.50.jar:/home/marman/.m2/repository/com/vladsch/flexmark/flexmark-ext-yaml-front-matter/0.50.50/flexmark-ext-yaml-front-matter-0.50.50.jar:/home/marman/.m2/repository/com/vladsch/flexmark/flexmark-ext-youtube-embedded/0.50.50/flexmark-ext-youtube-embedded-0.50.50.jar:/home/marman/.m2/repository/com/vladsch/flexmark/flexmark-formatter/0.50.50/flexmark-formatter-0.50.50.jar:/home/marman/.m2/repository/com/vladsch/flexmark/flexmark-html-parser/0.50.50/flexmark-html-parser-0.50.50.jar:/home/marman/.m2/repository/org/jsoup/jsoup/1.11.3/jsoup-1.11.3.jar:/home/marman/.m2/repository/com/vladsch/flexmark/flexmark-html2md-converter/0.50.50/flexmark-html2md-converter-0.50.50.jar:/home/marman/.m2/repository/com/vladsch/flexmark/flexmark-jira-converter/0.50.50/flexmark-jira-converter-0.50.50.jar:/home/marman/.m2/repository/com/vladsch/flexmark/flexmark-profile-pegdown/0.50.50/flexmark-profile-pegdown-0.50.50.jar:/home/marman/.m2/repository/com/vladsch/flexmark/flexmark-util/0.50.50/flexmark-util-0.50.50.jar:/home/marman/.m2/repository/com/vladsch/flexmark/flexmark-youtrack-converter/0.50.50/flexmark-youtrack-converter-0.50.50.jar:/home/marman/.m2/repository/org/apache/maven/doxia/doxia-decoration-model/2.0.0-M3/doxia-decoration-model-2.0.0-M3.jar:/home/marman/.m2/repository/org/apache/maven/doxia/doxia-site-renderer/2.0.0-M3/doxia-site-renderer-2.0.0-M3.jar:/home/marman/.m2/repository/org/apache/maven/doxia/doxia-skin-model/2.0.0-M3/doxia-skin-model-2.0.0-M3.jar:/home/marman/.m2/repository/org/codehaus/plexus/plexus-velocity/2.0/plexus-velocity-2.0.jar:/home/marman/.m2/repository/org/apache/velocity/velocity-engine-core/2.3/velocity-engine-core-2.3.jar:/home/marman/.m2/repository/org/apache/velocity/tools/velocity-tools-generic/3.1/velocity-tools-generic-3.1.jar:/home/marman/.m2/repository/commons-beanutils/commons-beanutils/1.9.4/commons-beanutils-1.9.4.jar:/home/marman/.m2/repository/commons-logging/commons-logging/1.2/commons-logging-1.2.jar:/home/marman/.m2/repository/commons-collections/commons-collections/3.2.2/commons-collections-3.2.2.jar:/home/marman/.m2/repository/org/apache/commons/commons-digester3/3.2/commons-digester3-3.2.jar:/home/marman/.m2/repository/com/github/cliftonlabs/json-simple/3.0.2/json-simple-3.0.2.jar:/home/marman/.m2/repository/org/apache/commons/commons-lang3/3.12.0/commons-lang3-3.12.0.jar:/home/marman/.m2/repository/org/apache/maven/doxia/doxia-integration-tools/2.0.0-M3/doxia-integration-tools-2.0.0-M3.jar:/home/marman/.m2/repository/org/eclipse/jetty/jetty-server/9.4.46.v20220331/jetty-server-9.4.46.v20220331.jar:/home/marman/.m2/repository/javax/servlet/javax.servlet-api/3.1.0/javax.servlet-api-3.1.0.jar:/home/marman/.m2/repository/org/eclipse/jetty/jetty-http/9.4.46.v20220331/jetty-http-9.4.46.v20220331.jar:/home/marman/.m2/repository/org/eclipse/jetty/jetty-io/9.4.46.v20220331/jetty-io-9.4.46.v20220331.jar:/home/marman/.m2/repository/org/eclipse/jetty/jetty-servlet/9.4.46.v20220331/jetty-servlet-9.4.46.v20220331.jar:/home/marman/.m2/repository/org/eclipse/jetty/jetty-security/9.4.46.v20220331/jetty-security-9.4.46.v20220331.jar:/home/marman/.m2/repository/org/eclipse/jetty/jetty-util-ajax/9.4.46.v20220331/jetty-util-ajax-9.4.46.v20220331.jar:/home/marman/.m2/repository/org/eclipse/jetty/jetty-webapp/9.4.46.v20220331/jetty-webapp-9.4.46.v20220331.jar:/home/marman/.m2/repository/org/eclipse/jetty/jetty-xml/9.4.46.v20220331/jetty-xml-9.4.46.v20220331.jar:/home/marman/.m2/repository/org/eclipse/jetty/jetty-util/9.4.46.v20220331/jetty-util-9.4.46.v20220331.jar:/home/marman/.m2/repository/org/junit/jupiter/junit-jupiter/5.8.2/junit-jupiter-5.8.2.jar:/home/marman/.m2/repository/org/junit/jupiter/junit-jupiter-api/5.8.2/junit-jupiter-api-5.8.2.jar:/home/marman/.m2/repository/org/opentest4j/opentest4j/1.2.0/opentest4j-1.2.0.jar:/home/marman/.m2/repository/org/junit/platform/junit-platform-commons/1.8.2/junit-platform-commons-1.8.2.jar:/home/marman/.m2/repository/org/apiguardian/apiguardian-api/1.1.2/apiguardian-api-1.1.2.jar:/home/marman/.m2/repository/org/junit/jupiter/junit-jupiter-params/5.8.2/junit-jupiter-params-5.8.2.jar:/home/marman/.m2/repository/org/junit/jupiter/junit-jupiter-engine/5.8.2/junit-jupiter-engine-5.8.2.jar:/home/marman/.m2/repository/org/junit/platform/junit-platform-engine/1.8.2/junit-platform-engine-1.8.2.jar:"/>
    <property name="sun.awt.enableExtraMouseButtons" value="true"/>
    <property name="java.vm.vendor" value="Private Build"/>
    <property name="sun.arch.data.model" value="64"/>
    <property name="sun.font.fontmanager" value="sun.awt.X11FontManager"/>
    <property name="java.vendor.url" value="Unknown"/>
    <property name="user.timezone" value="Europe/Rome"/>
    <property name="java.vm.specification.version" value="11"/>
    <property name="os.name" value="Linux"/>
    <property name="sun.java.launcher" value="SUN_STANDARD"/>
    <property name="user.country" value="IT"/>
    <property name="sun.boot.library.path" value="/usr/lib/jvm/java-11-openjdk-amd64/lib"/>
    <property name="sun.java.command" value="/home/marman/NetBeansProjects/testMex/target/surefire/surefirebooter13930062669188345183.jar /home/marman/NetBeansProjects/testMex/target/surefire 2022-07-14T09-59-12_303-jvmRun1 surefire6641704632312263498tmp surefire_013630235743443022672tmp"/>
    <property name="jdk.debug" value="release"/>
    <property name="surefire.test.class.path" value="/home/marman/NetBeansProjects/testMex/target/test-classes:/home/marman/NetBeansProjects/testMex/target/classes:/home/marman/.m2/repository/mysql/mysql-connector-java/8.0.29/mysql-connector-java-8.0.29.jar:/home/marman/.m2/repository/com/google/protobuf/protobuf-java/3.19.4/protobuf-java-3.19.4.jar:/home/marman/.m2/repository/org/apache/maven/plugins/maven-site-plugin/4.0.0-M2/maven-site-plugin-4.0.0-M2.jar:/home/marman/.m2/repository/org/apache/maven/reporting/maven-reporting-api/4.0.0-M1/maven-reporting-api-4.0.0-M1.jar:/home/marman/.m2/repository/org/apache/maven/reporting/maven-reporting-exec/2.0.0-M1/maven-reporting-exec-2.0.0-M1.jar:/home/marman/.m2/repository/org/apache/maven/maven-artifact/3.2.5/maven-artifact-3.2.5.jar:/home/marman/.m2/repository/org/apache/maven/maven-core/3.2.5/maven-core-3.2.5.jar:/home/marman/.m2/repository/org/apache/maven/maven-repository-metadata/3.2.5/maven-repository-metadata-3.2.5.jar:/home/marman/.m2/repository/org/apache/maven/maven-model-builder/3.2.5/maven-model-builder-3.2.5.jar:/home/marman/.m2/repository/org/apache/maven/maven-aether-provider/3.2.5/maven-aether-provider-3.2.5.jar:/home/marman/.m2/repository/org/eclipse/aether/aether-spi/1.0.0.v20140518/aether-spi-1.0.0.v20140518.jar:/home/marman/.m2/repository/org/eclipse/aether/aether-impl/1.0.0.v20140518/aether-impl-1.0.0.v20140518.jar:/home/marman/.m2/repository/org/eclipse/aether/aether-api/1.0.0.v20140518/aether-api-1.0.0.v20140518.jar:/home/marman/.m2/repository/org/sonatype/sisu/sisu-guice/3.2.3/sisu-guice-3.2.3-no_aop.jar:/home/marman/.m2/repository/aopalliance/aopalliance/1.0/aopalliance-1.0.jar:/home/marman/.m2/repository/com/google/guava/guava/16.0.1/guava-16.0.1.jar:/home/marman/.m2/repository/org/codehaus/plexus/plexus-component-annotations/1.5.5/plexus-component-annotations-1.5.5.jar:/home/marman/.m2/repository/org/sonatype/plexus/plexus-sec-dispatcher/1.3/plexus-sec-dispatcher-1.3.jar:/home/marman/.m2/repository/org/sonatype/plexus/plexus-cipher/1.4/plexus-cipher-1.4.jar:/home/marman/.m2/repository/org/apache/maven/maven-model/3.2.5/maven-model-3.2.5.jar:/home/marman/.m2/repository/org/apache/maven/maven-plugin-api/3.2.5/maven-plugin-api-3.2.5.jar:/home/marman/.m2/repository/org/apache/maven/maven-settings/3.2.5/maven-settings-3.2.5.jar:/home/marman/.m2/repository/org/apache/maven/maven-settings-builder/3.2.5/maven-settings-builder-3.2.5.jar:/home/marman/.m2/repository/org/slf4j/slf4j-api/1.7.36/slf4j-api-1.7.36.jar:/home/marman/.m2/repository/org/eclipse/aether/aether-util/1.0.0.v20140518/aether-util-1.0.0.v20140518.jar:/home/marman/.m2/repository/org/codehaus/plexus/plexus-classworlds/2.5.2/plexus-classworlds-2.5.2.jar:/home/marman/.m2/repository/org/apache/maven/shared/maven-shared-utils/3.3.4/maven-shared-utils-3.3.4.jar:/home/marman/.m2/repository/commons-io/commons-io/2.6/commons-io-2.6.jar:/home/marman/.m2/repository/org/apache/maven/maven-archiver/3.5.2/maven-archiver-3.5.2.jar:/home/marman/.m2/repository/org/apache/commons/commons-compress/1.20/commons-compress-1.20.jar:/home/marman/.m2/repository/org/codehaus/plexus/plexus-interpolation/1.26/plexus-interpolation-1.26.jar:/home/marman/.m2/repository/org/codehaus/plexus/plexus-archiver/4.2.7/plexus-archiver-4.2.7.jar:/home/marman/.m2/repository/org/codehaus/plexus/plexus-io/3.2.0/plexus-io-3.2.0.jar:/home/marman/.m2/repository/org/iq80/snappy/snappy/0.4/snappy-0.4.jar:/home/marman/.m2/repository/org/tukaani/xz/1.9/xz-1.9.jar:/home/marman/.m2/repository/org/codehaus/plexus/plexus-i18n/1.0-beta-10/plexus-i18n-1.0-beta-10.jar:/home/marman/.m2/repository/org/codehaus/plexus/plexus-utils/3.4.2/plexus-utils-3.4.2.jar:/home/marman/.m2/repository/org/apache/maven/doxia/doxia-sink-api/2.0.0-M3/doxia-sink-api-2.0.0-M3.jar:/home/marman/.m2/repository/org/apache/maven/doxia/doxia-core/2.0.0-M3/doxia-core-2.0.0-M3.jar:/home/marman/.m2/repository/javax/inject/javax.inject/1/javax.inject-1.jar:/home/marman/.m2/repository/org/eclipse/sisu/org.eclipse.sisu.plexus/0.3.5/org.eclipse.sisu.plexus-0.3.5.jar:/home/marman/.m2/repository/javax/annotation/javax.annotation-api/1.2/javax.annotation-api-1.2.jar:/home/marman/.m2/repository/javax/enterprise/cdi-api/1.2/cdi-api-1.2.jar:/home/marman/.m2/repository/org/eclipse/sisu/org.eclipse.sisu.inject/0.3.5/org.eclipse.sisu.inject-0.3.5.jar:/home/marman/.m2/repository/org/apache/commons/commons-text/1.9/commons-text-1.9.jar:/home/marman/.m2/repository/org/apache/maven/doxia/doxia-module-xhtml/2.0.0-M3/doxia-module-xhtml-2.0.0-M3.jar:/home/marman/.m2/repository/org/apache/maven/doxia/doxia-module-xhtml5/2.0.0-M3/doxia-module-xhtml5-2.0.0-M3.jar:/home/marman/.m2/repository/org/apache/maven/doxia/doxia-module-apt/2.0.0-M3/doxia-module-apt-2.0.0-M3.jar:/home/marman/.m2/repository/org/apache/maven/doxia/doxia-module-xdoc/2.0.0-M3/doxia-module-xdoc-2.0.0-M3.jar:/home/marman/.m2/repository/org/apache/maven/doxia/doxia-module-fml/2.0.0-M3/doxia-module-fml-2.0.0-M3.jar:/home/marman/.m2/repository/org/apache/maven/doxia/doxia-module-markdown/2.0.0-M3/doxia-module-markdown-2.0.0-M3.jar:/home/marman/.m2/repository/com/vladsch/flexmark/flexmark-all/0.50.50/flexmark-all-0.50.50.jar:/home/marman/.m2/repository/com/vladsch/flexmark/flexmark/0.50.50/flexmark-0.50.50.jar:/home/marman/.m2/repository/com/vladsch/flexmark/flexmark-ext-abbreviation/0.50.50/flexmark-ext-abbreviation-0.50.50.jar:/home/marman/.m2/repository/com/vladsch/flexmark/flexmark-ext-admonition/0.50.50/flexmark-ext-admonition-0.50.50.jar:/home/marman/.m2/repository/com/vladsch/flexmark/flexmark-ext-anchorlink/0.50.50/flexmark-ext-anchorlink-0.50.50.jar:/home/marman/.m2/repository/com/vladsch/flexmark/flexmark-ext-aside/0.50.50/flexmark-ext-aside-0.50.50.jar:/home/marman/.m2/repository/com/vladsch/flexmark/flexmark-ext-attributes/0.50.50/flexmark-ext-attributes-0.50.50.jar:/home/marman/.m2/repository/com/vladsch/flexmark/flexmark-ext-autolink/0.50.50/flexmark-ext-autolink-0.50.50.jar:/home/marman/.m2/repository/org/nibor/autolink/autolink/0.6.0/autolink-0.6.0.jar:/home/marman/.m2/repository/com/vladsch/flexmark/flexmark-ext-definition/0.50.50/flexmark-ext-definition-0.50.50.jar:/home/marman/.m2/repository/com/vladsch/flexmark/flexmark-ext-emoji/0.50.50/flexmark-ext-emoji-0.50.50.jar:/home/marman/.m2/repository/com/vladsch/flexmark/flexmark-ext-enumerated-reference/0.50.50/flexmark-ext-enumerated-reference-0.50.50.jar:/home/marman/.m2/repository/com/vladsch/flexmark/flexmark-ext-escaped-character/0.50.50/flexmark-ext-escaped-character-0.50.50.jar:/home/marman/.m2/repository/com/vladsch/flexmark/flexmark-ext-footnotes/0.50.50/flexmark-ext-footnotes-0.50.50.jar:/home/marman/.m2/repository/com/vladsch/flexmark/flexmark-ext-gfm-issues/0.50.50/flexmark-ext-gfm-issues-0.50.50.jar:/home/marman/.m2/repository/com/vladsch/flexmark/flexmark-ext-gfm-strikethrough/0.50.50/flexmark-ext-gfm-strikethrough-0.50.50.jar:/home/marman/.m2/repository/com/vladsch/flexmark/flexmark-ext-gfm-tables/0.50.50/flexmark-ext-gfm-tables-0.50.50.jar:/home/marman/.m2/repository/com/vladsch/flexmark/flexmark-ext-gfm-tasklist/0.50.50/flexmark-ext-gfm-tasklist-0.50.50.jar:/home/marman/.m2/repository/com/vladsch/flexmark/flexmark-ext-gfm-users/0.50.50/flexmark-ext-gfm-users-0.50.50.jar:/home/marman/.m2/repository/com/vladsch/flexmark/flexmark-ext-gitlab/0.50.50/flexmark-ext-gitlab-0.50.50.jar:/home/marman/.m2/repository/com/vladsch/flexmark/flexmark-ext-jekyll-front-matter/0.50.50/flexmark-ext-jekyll-front-matter-0.50.50.jar:/home/marman/.m2/repository/com/vladsch/flexmark/flexmark-ext-jekyll-tag/0.50.50/flexmark-ext-jekyll-tag-0.50.50.jar:/home/marman/.m2/repository/com/vladsch/flexmark/flexmark-ext-media-tags/0.50.50/flexmark-ext-media-tags-0.50.50.jar:/home/marman/.m2/repository/com/vladsch/flexmark/flexmark-ext-macros/0.50.50/flexmark-ext-macros-0.50.50.jar:/home/marman/.m2/repository/com/vladsch/flexmark/flexmark-ext-ins/0.50.50/flexmark-ext-ins-0.50.50.jar:/home/marman/.m2/repository/com/vladsch/flexmark/flexmark-ext-xwiki-macros/0.50.50/flexmark-ext-xwiki-macros-0.50.50.jar:/home/marman/.m2/repository/com/vladsch/flexmark/flexmark-ext-superscript/0.50.50/flexmark-ext-superscript-0.50.50.jar:/home/marman/.m2/repository/com/vladsch/flexmark/flexmark-ext-tables/0.50.50/flexmark-ext-tables-0.50.50.jar:/home/marman/.m2/repository/com/vladsch/flexmark/flexmark-ext-toc/0.50.50/flexmark-ext-toc-0.50.50.jar:/home/marman/.m2/repository/com/vladsch/flexmark/flexmark-ext-typographic/0.50.50/flexmark-ext-typographic-0.50.50.jar:/home/marman/.m2/repository/com/vladsch/flexmark/flexmark-ext-wikilink/0.50.50/flexmark-ext-wikilink-0.50.50.jar:/home/marman/.m2/repository/com/vladsch/flexmark/flexmark-ext-yaml-front-matter/0.50.50/flexmark-ext-yaml-front-matter-0.50.50.jar:/home/marman/.m2/repository/com/vladsch/flexmark/flexmark-ext-youtube-embedded/0.50.50/flexmark-ext-youtube-embedded-0.50.50.jar:/home/marman/.m2/repository/com/vladsch/flexmark/flexmark-formatter/0.50.50/flexmark-formatter-0.50.50.jar:/home/marman/.m2/repository/com/vladsch/flexmark/flexmark-html-parser/0.50.50/flexmark-html-parser-0.50.50.jar:/home/marman/.m2/repository/org/jsoup/jsoup/1.11.3/jsoup-1.11.3.jar:/home/marman/.m2/repository/com/vladsch/flexmark/flexmark-html2md-converter/0.50.50/flexmark-html2md-converter-0.50.50.jar:/home/marman/.m2/repository/com/vladsch/flexmark/flexmark-jira-converter/0.50.50/flexmark-jira-converter-0.50.50.jar:/home/marman/.m2/repository/com/vladsch/flexmark/flexmark-profile-pegdown/0.50.50/flexmark-profile-pegdown-0.50.50.jar:/home/marman/.m2/repository/com/vladsch/flexmark/flexmark-util/0.50.50/flexmark-util-0.50.50.jar:/home/marman/.m2/repository/com/vladsch/flexmark/flexmark-youtrack-converter/0.50.50/flexmark-youtrack-converter-0.50.50.jar:/home/marman/.m2/repository/org/apache/maven/doxia/doxia-decoration-model/2.0.0-M3/doxia-decoration-model-2.0.0-M3.jar:/home/marman/.m2/repository/org/apache/maven/doxia/doxia-site-renderer/2.0.0-M3/doxia-site-renderer-2.0.0-M3.jar:/home/marman/.m2/repository/org/apache/maven/doxia/doxia-skin-model/2.0.0-M3/doxia-skin-model-2.0.0-M3.jar:/home/marman/.m2/repository/org/codehaus/plexus/plexus-velocity/2.0/plexus-velocity-2.0.jar:/home/marman/.m2/repository/org/apache/velocity/velocity-engine-core/2.3/velocity-engine-core-2.3.jar:/home/marman/.m2/repository/org/apache/velocity/tools/velocity-tools-generic/3.1/velocity-tools-generic-3.1.jar:/home/marman/.m2/repository/commons-beanutils/commons-beanutils/1.9.4/commons-beanutils-1.9.4.jar:/home/marman/.m2/repository/commons-logging/commons-logging/1.2/commons-logging-1.2.jar:/home/marman/.m2/repository/commons-collections/commons-collections/3.2.2/commons-collections-3.2.2.jar:/home/marman/.m2/repository/org/apache/commons/commons-digester3/3.2/commons-digester3-3.2.jar:/home/marman/.m2/repository/com/github/cliftonlabs/json-simple/3.0.2/json-simple-3.0.2.jar:/home/marman/.m2/repository/org/apache/commons/commons-lang3/3.12.0/commons-lang3-3.12.0.jar:/home/marman/.m2/repository/org/apache/maven/doxia/doxia-integration-tools/2.0.0-M3/doxia-integration-tools-2.0.0-M3.jar:/home/marman/.m2/repository/org/eclipse/jetty/jetty-server/9.4.46.v20220331/jetty-server-9.4.46.v20220331.jar:/home/marman/.m2/repository/javax/servlet/javax.servlet-api/3.1.0/javax.servlet-api-3.1.0.jar:/home/marman/.m2/repository/org/eclipse/jetty/jetty-http/9.4.46.v20220331/jetty-http-9.4.46.v20220331.jar:/home/marman/.m2/repository/org/eclipse/jetty/jetty-io/9.4.46.v20220331/jetty-io-9.4.46.v20220331.jar:/home/marman/.m2/repository/org/eclipse/jetty/jetty-servlet/9.4.46.v20220331/jetty-servlet-9.4.46.v20220331.jar:/home/marman/.m2/repository/org/eclipse/jetty/jetty-security/9.4.46.v20220331/jetty-security-9.4.46.v20220331.jar:/home/marman/.m2/repository/org/eclipse/jetty/jetty-util-ajax/9.4.46.v20220331/jetty-util-ajax-9.4.46.v20220331.jar:/home/marman/.m2/repository/org/eclipse/jetty/jetty-webapp/9.4.46.v20220331/jetty-webapp-9.4.46.v20220331.jar:/home/marman/.m2/repository/org/eclipse/jetty/jetty-xml/9.4.46.v20220331/jetty-xml-9.4.46.v20220331.jar:/home/marman/.m2/repository/org/eclipse/jetty/jetty-util/9.4.46.v20220331/jetty-util-9.4.46.v20220331.jar:/home/marman/.m2/repository/org/junit/jupiter/junit-jupiter/5.8.2/junit-jupiter-5.8.2.jar:/home/marman/.m2/repository/org/junit/jupiter/junit-jupiter-api/5.8.2/junit-jupiter-api-5.8.2.jar:/home/marman/.m2/repository/org/opentest4j/opentest4j/1.2.0/opentest4j-1.2.0.jar:/home/marman/.m2/repository/org/junit/platform/junit-platform-commons/1.8.2/junit-platform-commons-1.8.2.jar:/home/marman/.m2/repository/org/apiguardian/apiguardian-api/1.1.2/apiguardian-api-1.1.2.jar:/home/marman/.m2/repository/org/junit/jupiter/junit-jupiter-params/5.8.2/junit-jupiter-params-5.8.2.jar:/home/marman/.m2/repository/org/junit/jupiter/junit-jupiter-engine/5.8.2/junit-jupiter-engine-5.8.2.jar:/home/marman/.m2/repository/org/junit/platform/junit-platform-engine/1.8.2/junit-platform-engine-1.8.2.jar:"/>
    <property name="sun.cpu.endian" value="little"/>
    <property name="user.home" value="/home/marman"/>
    <property name="user.language" value="it"/>
    <property name="java.specification.vendor" value="Oracle Corporation"/>
    <property name="java.version.date" value="2022-04-19"/>
    <property name="java.home" value="/usr/lib/jvm/java-11-openjdk-amd64"/>
    <property name="file.separator" value="/"/>
    <property name="basedir" value="/home/marman/NetBeansProjects/testMex"/>
    <property name="java.vm.compressedOopsMode" value="Zero based"/>
    <property name="line.separator" value="&#10;"/>
    <property name="java.specification.name" value="Java Platform API Specification"/>
    <property name="java.vm.specification.vendor" value="Oracle Corporation"/>
    <property name="java.awt.graphicsenv" value="sun.awt.X11GraphicsEnvironment"/>
    <property name="surefire.real.class.path" value="/home/marman/NetBeansProjects/testMex/target/surefire/surefirebooter13930062669188345183.jar"/>
    <property name="sun.management.compiler" value="HotSpot 64-Bit Tiered Compilers"/>
    <property name="java.runtime.version" value="11.0.15+10-Ubuntu-0ubuntu0.20.04.1"/>
    <property name="user.name" value="marman"/>
    <property name="path.separator" value=":"/>
    <property name="os.version" value="5.13.0-52-generic"/>
    <property name="java.runtime.name" value="OpenJDK Runtime Environment"/>
    <property name="file.encoding" value="UTF-8"/>
    <property name="java.vm.name" value="OpenJDK 64-Bit Server VM"/>
    <property name="localRepository" value="/home/marman/.m2/repository"/>
    <property name="java.vendor.url.bug" value="Unknown"/>
    <property name="java.io.tmpdir" value="/tmp"/>
    <property name="java.version" value="11.0.15"/>
    <property name="user.dir" value="/home/marman/NetBeansProjects/testMex"/>
    <property name="os.arch" value="amd64"/>
    <property name="java.vm.specification.name" value="Java Virtual Machine Specification"/>
    <property name="java.awt.printerjob" value="sun.print.PSPrinterJob"/>
    <property name="sun.os.patch.level" value="unknown"/>
    <property name="java.library.path" value=":/usr/java/packages/lib:/usr/lib/x86_64-linux-gnu/jni:/lib/x86_64-linux-gnu:/usr/lib/x86_64-linux-gnu:/usr/lib/jni:/lib:/usr/lib"/>
    <property name="java.vm.info" value="mixed mode"/>
    <property name="java.vendor" value="Private Build"/>
    <property name="java.vm.version" value="11.0.15+10-Ubuntu-0ubuntu0.20.04.1"/>
    <property name="sun.io.unicode.encoding" value="UnicodeLittle"/>
    <property name="java.class.version" value="55.0"/>
  </properties>
  <testcase name="testEncryptMessage" classname="com.mycompany.testmex.RSANumericoTest" time="0.018">
    <system-out><![CDATA[test metodo encryptMessage
]]></system-out>
  </testcase>
  <testcase name="testAsciiToSentence" classname="com.mycompany.testmex.RSANumericoTest" time="0.002">
    <system-out><![CDATA[test metodo asciiToSentence con lettera c
]]></system-out>
  </testcase>
  <testcase name="testCifratura" classname="com.mycompany.testmex.RSANumericoTest" time="0.009">
    <system-out><![CDATA[test metodo cifratura
]]></system-out>
  </testcase>
  <testcase name="testDecifratura" classname="com.mycompany.testmex.RSANumericoTest" time="0.032">
    <system-out><![CDATA[test metodo decifratura
]]></system-out>
  </testcase>
  <testcase name="testAsciiToSentence1" classname="com.mycompany.testmex.RSANumericoTest" time="0.001">
    <system-out><![CDATA[test metodo asciiToSentence con !
]]></system-out>
  </testcase>
  <testcase name="testAsciiToSentence2" classname="com.mycompany.testmex.RSANumericoTest" time="0.001">
    <system-out><![CDATA[test metodo asciiToSentence con ~
]]></system-out>
  </testcase>
  <testcase name="testDecryptMessage" classname="com.mycompany.testmex.RSANumericoTest" time="0.03">
    <system-out><![CDATA[test metodo decryptMessage
]]></system-out>
  </testcase>
</testsuite>